2021-11-20 21:15:28 info: =================================
2021-11-20 21:15:28 info: ======= ENV: development =======
2021-11-20 21:15:28 info: 🚀 App listening on the port 3000
2021-11-20 21:15:28 info: =================================
2021-11-20 21:16:39 info: [0mOPTIONS /login [32m204[0m 3.150 ms - 0[0m
2021-11-20 21:16:39 error: [POST] /login >> StatusCode:: 500, Message:: 
Invalid `prisma.user.findUnique()` invocation:


  Can't reach database server at `localhost`:`3306`

Please make sure your database server is running at `localhost`:`3306`.
2021-11-20 21:16:39 info: [0mPOST /login [31m500[0m 167.446 ms - 194[0m
2021-11-20 21:17:43 info: =================================
2021-11-20 21:17:43 info: ======= ENV: development =======
2021-11-20 21:17:43 info: 🚀 App listening on the port 3000
2021-11-20 21:17:43 info: =================================
2021-11-20 21:19:43 info: =================================
2021-11-20 21:19:43 info: ======= ENV: development =======
2021-11-20 21:19:43 info: 🚀 App listening on the port 3000
2021-11-20 21:19:43 info: =================================
2021-11-20 21:26:20 info: =================================
2021-11-20 21:26:20 info: ======= ENV: development =======
2021-11-20 21:26:20 info: 🚀 App listening on the port 3000
2021-11-20 21:26:20 info: =================================
2021-11-20 21:40:08 info: =================================
2021-11-20 21:40:08 info: ======= ENV: development =======
2021-11-20 21:40:08 info: 🚀 App listening on the port 3000
2021-11-20 21:40:08 info: =================================
2021-11-20 21:40:44 info: [0mOPTIONS /login [32m204[0m 1.520 ms - 0[0m
2021-11-20 21:40:44 error: [POST] /login >> StatusCode:: 500, Message:: 
Invalid `prisma.user.findUnique()` invocation:


  Can't reach database server at `localhost`:`3306`

Please make sure your database server is running at `localhost`:`3306`.
2021-11-20 21:40:44 info: [0mPOST /login [31m500[0m 106.637 ms - 194[0m
2021-11-20 21:42:51 info: [0mOPTIONS /login [32m204[0m 0.184 ms - 0[0m
2021-11-20 21:42:51 error: [POST] /login >> StatusCode:: 409, Message:: the email address v@lol.com was not found
2021-11-20 21:42:51 info: [0mPOST /login [33m409[0m 132.184 ms - 55[0m
2021-11-20 21:43:17 info: [0mOPTIONS /login [32m204[0m 2.210 ms - 0[0m
2021-11-20 21:43:17 info: [0mPOST /login [32m200[0m 84.026 ms - 103[0m
