2021-11-01 00:03:00 info: [0mOPTIONS /login [32m204[0m 0.190 ms - 0[0m
2021-11-01 00:03:00 info: [0mPOST /login [32m200[0m 114.118 ms - 103[0m
2021-11-01 00:03:08 info: =================================
2021-11-01 00:03:08 info: ======= ENV: development =======
2021-11-01 00:03:08 info: 🚀 App listening on the port 3000
2021-11-01 00:03:08 info: =================================
2021-11-01 00:03:12 info: =================================
2021-11-01 00:03:12 info: ======= ENV: development =======
2021-11-01 00:03:12 info: 🚀 App listening on the port 3000
2021-11-01 00:03:12 info: =================================
2021-11-01 00:04:04 info: [0mOPTIONS /login [32m204[0m 1.768 ms - 0[0m
2021-11-01 00:04:04 info: [0mPOST /login [32m200[0m 286.296 ms - 103[0m
2021-11-01 00:06:32 info: [0mOPTIONS /login [32m204[0m 0.298 ms - 0[0m
2021-11-01 00:06:32 info: [0mPOST /login [32m200[0m 80.344 ms - 103[0m
2021-11-01 00:08:43 info: [0mOPTIONS /login [32m204[0m 0.290 ms - 0[0m
2021-11-01 00:08:43 info: [0mPOST /login [32m200[0m 108.772 ms - 103[0m
2021-11-01 00:17:03 info: [0mOPTIONS /login [32m204[0m 0.185 ms - 0[0m
2021-11-01 00:17:04 info: [0mPOST /login [32m200[0m 119.665 ms - 103[0m
2021-11-01 00:19:45 info: [0mOPTIONS /login [32m204[0m 0.157 ms - 0[0m
2021-11-01 00:19:45 info: [0mPOST /login [32m200[0m 103.352 ms - 103[0m
2021-11-01 00:21:21 info: [0mOPTIONS /login [32m204[0m 0.157 ms - 0[0m
2021-11-01 00:21:21 info: [0mPOST /login [32m200[0m 81.848 ms - 103[0m
2021-11-01 00:23:05 info: [0mOPTIONS /login [32m204[0m 0.146 ms - 0[0m
2021-11-01 00:23:05 info: [0mPOST /login [32m200[0m 81.548 ms - 103[0m
2021-11-01 00:23:51 info: [0mOPTIONS /login [32m204[0m 0.169 ms - 0[0m
2021-11-01 00:23:51 info: [0mPOST /login [32m200[0m 98.892 ms - 103[0m
2021-11-01 00:24:26 info: [0mOPTIONS /login [32m204[0m 0.168 ms - 0[0m
2021-11-01 00:24:26 info: [0mPOST /login [32m200[0m 105.768 ms - 103[0m
2021-11-01 00:25:38 info: [0mOPTIONS /login [32m204[0m 0.189 ms - 0[0m
2021-11-01 00:25:38 info: [0mPOST /login [32m200[0m 101.839 ms - 103[0m
2021-11-01 00:27:14 info: [0mOPTIONS /login [32m204[0m 0.184 ms - 0[0m
2021-11-01 00:27:14 info: [0mPOST /login [32m200[0m 100.012 ms - 103[0m
2021-11-01 00:27:50 info: [0mOPTIONS /login [32m204[0m 0.173 ms - 0[0m
2021-11-01 00:27:50 info: [0mPOST /login [32m200[0m 100.556 ms - 103[0m
2021-11-01 00:30:36 info: [0mOPTIONS /login [32m204[0m 0.242 ms - 0[0m
2021-11-01 00:30:36 info: [0mPOST /login [32m200[0m 105.188 ms - 103[0m
2021-11-01 00:31:26 info: [0mOPTIONS /login [32m204[0m 0.153 ms - 0[0m
2021-11-01 00:31:26 info: [0mPOST /login [32m200[0m 102.684 ms - 103[0m
2021-11-01 00:32:41 info: [0mOPTIONS /login [32m204[0m 0.173 ms - 0[0m
2021-11-01 00:32:42 info: [0mPOST /login [32m200[0m 101.530 ms - 103[0m
2021-11-01 00:33:36 info: [0mOPTIONS /login [32m204[0m 0.161 ms - 0[0m
2021-11-01 00:33:36 info: [0mPOST /login [32m200[0m 101.157 ms - 103[0m
